Traceback (most recent call last):
  File "/Users/sage/miniconda3/envs/ooibook/lib/python3.13/site-packages/jupyter_cache/executors/utils.py", line 58, in single_nb_execution
    executenb(
    ~~~~~~~~~^
        nb,
        ^^^
    ...<4 lines>...
        **kwargs,
        ^^^^^^^^^
    )
    ^
  File "/Users/sage/miniconda3/envs/ooibook/lib/python3.13/site-packages/nbclient/client.py", line 1314, in execute
    return NotebookClient(nb=nb, resources=resources, km=km, **kwargs).execute()
           ~~~~~~~~~~~~~~~~~~~~~~~~~~~~~~~~~~~~~~~~~~~~~~~~~~~~~~~~~~~~~~~~~~~^^
  File "/Users/sage/miniconda3/envs/ooibook/lib/python3.13/site-packages/jupyter_core/utils/__init__.py", line 165, in wrapped
    return loop.run_until_complete(inner)
           ~~~~~~~~~~~~~~~~~~~~~~~^^^^^^^
  File "/Users/sage/miniconda3/envs/ooibook/lib/python3.13/asyncio/base_events.py", line 721, in run_until_complete
    return future.result()
           ~~~~~~~~~~~~~^^
  File "/Users/sage/miniconda3/envs/ooibook/lib/python3.13/site-packages/nbclient/client.py", line 709, in async_execute
    await self.async_execute_cell(
        cell, index, execution_count=self.code_cells_executed + 1
    )
  File "/Users/sage/miniconda3/envs/ooibook/lib/python3.13/site-packages/nbclient/client.py", line 1062, in async_execute_cell
    await self._check_raise_for_error(cell, cell_index, exec_reply)
  File "/Users/sage/miniconda3/envs/ooibook/lib/python3.13/site-packages/nbclient/client.py", line 918, in _check_raise_for_error
    raise CellExecutionError.from_cell_and_msg(cell, exec_reply_content)
nbclient.exceptions.CellExecutionError: An error occurred while executing the following cell:
------------------
# Load CE04 Surface Pressure
url_ce04_met = e.get_download_url(
    dataset_id = "ooi-ce04ossm-sbd11-06-metbka000",
    constraints = {
      "time>=": "2022-01-15",
      "time<=": "2022-01-17",
    }
)
# print(url_wave)

ce04_met = pd.read_csv(url_ce04_met, index_col='time', parse_dates=True, skiprows=[1])
ce04_met.head()
------------------


[0;31m---------------------------------------------------------------------------[0m
[0;31mKeyboardInterrupt[0m                         Traceback (most recent call last)
Cell [0;32mIn[8], line 11[0m
[1;32m      2[0m url_ce04_met [38;5;241m=[39m e[38;5;241m.[39mget_download_url(
[1;32m      3[0m     dataset_id [38;5;241m=[39m [38;5;124m"[39m[38;5;124mooi-ce04ossm-sbd11-06-metbka000[39m[38;5;124m"[39m,
[1;32m      4[0m     constraints [38;5;241m=[39m {
[0;32m   (...)[0m
[1;32m      7[0m     }
[1;32m      8[0m )
[1;32m      9[0m [38;5;66;03m# print(url_wave)[39;00m
[0;32m---> 11[0m ce04_met [38;5;241m=[39m [43mpd[49m[38;5;241;43m.[39;49m[43mread_csv[49m[43m([49m[43murl_ce04_met[49m[43m,[49m[43m [49m[43mindex_col[49m[38;5;241;43m=[39;49m[38;5;124;43m'[39;49m[38;5;124;43mtime[39;49m[38;5;124;43m'[39;49m[43m,[49m[43m [49m[43mparse_dates[49m[38;5;241;43m=[39;49m[38;5;28;43;01mTrue[39;49;00m[43m,[49m[43m [49m[43mskiprows[49m[38;5;241;43m=[39;49m[43m[[49m[38;5;241;43m1[39;49m[43m][49m[43m)[49m
[1;32m     12[0m ce04_met[38;5;241m.[39mhead()

File [0;32m~/miniconda3/envs/ooibook/lib/python3.13/site-packages/pandas/io/parsers/readers.py:1026[0m, in [0;36mread_csv[0;34m(filepath_or_buffer, sep, delimiter, header, names, index_col, usecols, dtype, engine, converters, true_values, false_values, skipinitialspace, skiprows, skipfooter, nrows, na_values, keep_default_na, na_filter, verbose, skip_blank_lines, parse_dates, infer_datetime_format, keep_date_col, date_parser, date_format, dayfirst, cache_dates, iterator, chunksize, compression, thousands, decimal, lineterminator, quotechar, quoting, doublequote, escapechar, comment, encoding, encoding_errors, dialect, on_bad_lines, delim_whitespace, low_memory, memory_map, float_precision, storage_options, dtype_backend)[0m
[1;32m   1013[0m kwds_defaults [38;5;241m=[39m _refine_defaults_read(
[1;32m   1014[0m     dialect,
[1;32m   1015[0m     delimiter,
[0;32m   (...)[0m
[1;32m   1022[0m     dtype_backend[38;5;241m=[39mdtype_backend,
[1;32m   1023[0m )
[1;32m   1024[0m kwds[38;5;241m.[39mupdate(kwds_defaults)
[0;32m-> 1026[0m [38;5;28;01mreturn[39;00m [43m_read[49m[43m([49m[43mfilepath_or_buffer[49m[43m,[49m[43m [49m[43mkwds[49m[43m)[49m

File [0;32m~/miniconda3/envs/ooibook/lib/python3.13/site-packages/pandas/io/parsers/readers.py:620[0m, in [0;36m_read[0;34m(filepath_or_buffer, kwds)[0m
[1;32m    617[0m _validate_names(kwds[38;5;241m.[39mget([38;5;124m"[39m[38;5;124mnames[39m[38;5;124m"[39m, [38;5;28;01mNone[39;00m))
[1;32m    619[0m [38;5;66;03m# Create the parser.[39;00m
[0;32m--> 620[0m parser [38;5;241m=[39m [43mTextFileReader[49m[43m([49m[43mfilepath_or_buffer[49m[43m,[49m[43m [49m[38;5;241;43m*[39;49m[38;5;241;43m*[39;49m[43mkwds[49m[43m)[49m
[1;32m    622[0m [38;5;28;01mif[39;00m chunksize [38;5;129;01mor[39;00m iterator:
[1;32m    623[0m     [38;5;28;01mreturn[39;00m parser

File [0;32m~/miniconda3/envs/ooibook/lib/python3.13/site-packages/pandas/io/parsers/readers.py:1620[0m, in [0;36mTextFileReader.__init__[0;34m(self, f, engine, **kwds)[0m
[1;32m   1617[0m     [38;5;28mself[39m[38;5;241m.[39moptions[[38;5;124m"[39m[38;5;124mhas_index_names[39m[38;5;124m"[39m] [38;5;241m=[39m kwds[[38;5;124m"[39m[38;5;124mhas_index_names[39m[38;5;124m"[39m]
[1;32m   1619[0m [38;5;28mself[39m[38;5;241m.[39mhandles: IOHandles [38;5;241m|[39m [38;5;28;01mNone[39;00m [38;5;241m=[39m [38;5;28;01mNone[39;00m
[0;32m-> 1620[0m [38;5;28mself[39m[38;5;241m.[39m_engine [38;5;241m=[39m [38;5;28;43mself[39;49m[38;5;241;43m.[39;49m[43m_make_engine[49m[43m([49m[43mf[49m[43m,[49m[43m [49m[38;5;28;43mself[39;49m[38;5;241;43m.[39;49m[43mengine[49m[43m)[49m

File [0;32m~/miniconda3/envs/ooibook/lib/python3.13/site-packages/pandas/io/parsers/readers.py:1880[0m, in [0;36mTextFileReader._make_engine[0;34m(self, f, engine)[0m
[1;32m   1878[0m     [38;5;28;01mif[39;00m [38;5;124m"[39m[38;5;124mb[39m[38;5;124m"[39m [38;5;129;01mnot[39;00m [38;5;129;01min[39;00m mode:
[1;32m   1879[0m         mode [38;5;241m+[39m[38;5;241m=[39m [38;5;124m"[39m[38;5;124mb[39m[38;5;124m"[39m
[0;32m-> 1880[0m [38;5;28mself[39m[38;5;241m.[39mhandles [38;5;241m=[39m [43mget_handle[49m[43m([49m
[1;32m   1881[0m [43m    [49m[43mf[49m[43m,[49m
[1;32m   1882[0m [43m    [49m[43mmode[49m[43m,[49m
[1;32m   1883[0m [43m    [49m[43mencoding[49m[38;5;241;43m=[39;49m[38;5;28;43mself[39;49m[38;5;241;43m.[39;49m[43moptions[49m[38;5;241;43m.[39;49m[43mget[49m[43m([49m[38;5;124;43m"[39;49m[38;5;124;43mencoding[39;49m[38;5;124;43m"[39;49m[43m,[49m[43m [49m[38;5;28;43;01mNone[39;49;00m[43m)[49m[43m,[49m
[1;32m   1884[0m [43m    [49m[43mcompression[49m[38;5;241;43m=[39;49m[38;5;28;43mself[39;49m[38;5;241;43m.[39;49m[43moptions[49m[38;5;241;43m.[39;49m[43mget[49m[43m([49m[38;5;124;43m"[39;49m[38;5;124;43mcompression[39;49m[38;5;124;43m"[39;49m[43m,[49m[43m [49m[38;5;28;43;01mNone[39;49;00m[43m)[49m[43m,[49m
[1;32m   1885[0m [43m    [49m[43mmemory_map[49m[38;5;241;43m=[39;49m[38;5;28;43mself[39;49m[38;5;241;43m.[39;49m[43moptions[49m[38;5;241;43m.[39;49m[43mget[49m[43m([49m[38;5;124;43m"[39;49m[38;5;124;43mmemory_map[39;49m[38;5;124;43m"[39;49m[43m,[49m[43m [49m[38;5;28;43;01mFalse[39;49;00m[43m)[49m[43m,[49m
[1;32m   1886[0m [43m    [49m[43mis_text[49m[38;5;241;43m=[39;49m[43mis_text[49m[43m,[49m
[1;32m   1887[0m [43m    [49m[43merrors[49m[38;5;241;43m=[39;49m[38;5;28;43mself[39;49m[38;5;241;43m.[39;49m[43moptions[49m[38;5;241;43m.[39;49m[43mget[49m[43m([49m[38;5;124;43m"[39;49m[38;5;124;43mencoding_errors[39;49m[38;5;124;43m"[39;49m[43m,[49m[43m [49m[38;5;124;43m"[39;49m[38;5;124;43mstrict[39;49m[38;5;124;43m"[39;49m[43m)[49m[43m,[49m
[1;32m   1888[0m [43m    [49m[43mstorage_options[49m[38;5;241;43m=[39;49m[38;5;28;43mself[39;49m[38;5;241;43m.[39;49m[43moptions[49m[38;5;241;43m.[39;49m[43mget[49m[43m([49m[38;5;124;43m"[39;49m[38;5;124;43mstorage_options[39;49m[38;5;124;43m"[39;49m[43m,[49m[43m [49m[38;5;28;43;01mNone[39;49;00m[43m)[49m[43m,[49m
[1;32m   1889[0m [43m[49m[43m)[49m
[1;32m   1890[0m [38;5;28;01massert[39;00m [38;5;28mself[39m[38;5;241m.[39mhandles [38;5;129;01mis[39;00m [38;5;129;01mnot[39;00m [38;5;28;01mNone[39;00m
[1;32m   1891[0m f [38;5;241m=[39m [38;5;28mself[39m[38;5;241m.[39mhandles[38;5;241m.[39mhandle

File [0;32m~/miniconda3/envs/ooibook/lib/python3.13/site-packages/pandas/io/common.py:728[0m, in [0;36mget_handle[0;34m(path_or_buf, mode, encoding, compression, memory_map, is_text, errors, storage_options)[0m
[1;32m    725[0m     codecs[38;5;241m.[39mlookup_error(errors)
[1;32m    727[0m [38;5;66;03m# open URLs[39;00m
[0;32m--> 728[0m ioargs [38;5;241m=[39m [43m_get_filepath_or_buffer[49m[43m([49m
[1;32m    729[0m [43m    [49m[43mpath_or_buf[49m[43m,[49m
[1;32m    730[0m [43m    [49m[43mencoding[49m[38;5;241;43m=[39;49m[43mencoding[49m[43m,[49m
[1;32m    731[0m [43m    [49m[43mcompression[49m[38;5;241;43m=[39;49m[43mcompression[49m[43m,[49m
[1;32m    732[0m [43m    [49m[43mmode[49m[38;5;241;43m=[39;49m[43mmode[49m[43m,[49m
[1;32m    733[0m [43m    [49m[43mstorage_options[49m[38;5;241;43m=[39;49m[43mstorage_options[49m[43m,[49m
[1;32m    734[0m [43m[49m[43m)[49m
[1;32m    736[0m handle [38;5;241m=[39m ioargs[38;5;241m.[39mfilepath_or_buffer
[1;32m    737[0m handles: [38;5;28mlist[39m[BaseBuffer]

File [0;32m~/miniconda3/envs/ooibook/lib/python3.13/site-packages/pandas/io/common.py:384[0m, in [0;36m_get_filepath_or_buffer[0;34m(filepath_or_buffer, encoding, compression, mode, storage_options)[0m
[1;32m    382[0m [38;5;66;03m# assuming storage_options is to be interpreted as headers[39;00m
[1;32m    383[0m req_info [38;5;241m=[39m urllib[38;5;241m.[39mrequest[38;5;241m.[39mRequest(filepath_or_buffer, headers[38;5;241m=[39mstorage_options)
[0;32m--> 384[0m [38;5;28;01mwith[39;00m [43murlopen[49m[43m([49m[43mreq_info[49m[43m)[49m [38;5;28;01mas[39;00m req:
[1;32m    385[0m     content_encoding [38;5;241m=[39m req[38;5;241m.[39mheaders[38;5;241m.[39mget([38;5;124m"[39m[38;5;124mContent-Encoding[39m[38;5;124m"[39m, [38;5;28;01mNone[39;00m)
[1;32m    386[0m     [38;5;28;01mif[39;00m content_encoding [38;5;241m==[39m [38;5;124m"[39m[38;5;124mgzip[39m[38;5;124m"[39m:
[1;32m    387[0m         [38;5;66;03m# Override compression based on Content-Encoding header[39;00m

File [0;32m~/miniconda3/envs/ooibook/lib/python3.13/site-packages/pandas/io/common.py:289[0m, in [0;36murlopen[0;34m(*args, **kwargs)[0m
[1;32m    283[0m [38;5;250m[39m[38;5;124;03m"""[39;00m
[1;32m    284[0m [38;5;124;03mLazy-import wrapper for stdlib urlopen, as that imports a big chunk of[39;00m
[1;32m    285[0m [38;5;124;03mthe stdlib.[39;00m
[1;32m    286[0m [38;5;124;03m"""[39;00m
[1;32m    287[0m [38;5;28;01mimport[39;00m [38;5;21;01murllib[39;00m[38;5;21;01m.[39;00m[38;5;21;01mrequest[39;00m
[0;32m--> 289[0m [38;5;28;01mreturn[39;00m [43murllib[49m[38;5;241;43m.[39;49m[43mrequest[49m[38;5;241;43m.[39;49m[43murlopen[49m[43m([49m[38;5;241;43m*[39;49m[43margs[49m[43m,[49m[43m [49m[38;5;241;43m*[39;49m[38;5;241;43m*[39;49m[43mkwargs[49m[43m)[49m

File [0;32m~/miniconda3/envs/ooibook/lib/python3.13/urllib/request.py:189[0m, in [0;36murlopen[0;34m(url, data, timeout, context)[0m
[1;32m    187[0m [38;5;28;01melse[39;00m:
[1;32m    188[0m     opener [38;5;241m=[39m _opener
[0;32m--> 189[0m [38;5;28;01mreturn[39;00m [43mopener[49m[38;5;241;43m.[39;49m[43mopen[49m[43m([49m[43murl[49m[43m,[49m[43m [49m[43mdata[49m[43m,[49m[43m [49m[43mtimeout[49m[43m)[49m

File [0;32m~/miniconda3/envs/ooibook/lib/python3.13/urllib/request.py:489[0m, in [0;36mOpenerDirector.open[0;34m(self, fullurl, data, timeout)[0m
[1;32m    486[0m     req [38;5;241m=[39m meth(req)
[1;32m    488[0m sys[38;5;241m.[39maudit([38;5;124m'[39m[38;5;124murllib.Request[39m[38;5;124m'[39m, req[38;5;241m.[39mfull_url, req[38;5;241m.[39mdata, req[38;5;241m.[39mheaders, req[38;5;241m.[39mget_method())
[0;32m--> 489[0m response [38;5;241m=[39m [38;5;28;43mself[39;49m[38;5;241;43m.[39;49m[43m_open[49m[43m([49m[43mreq[49m[43m,[49m[43m [49m[43mdata[49m[43m)[49m
[1;32m    491[0m [38;5;66;03m# post-process response[39;00m
[1;32m    492[0m meth_name [38;5;241m=[39m protocol[38;5;241m+[39m[38;5;124m"[39m[38;5;124m_response[39m[38;5;124m"[39m

File [0;32m~/miniconda3/envs/ooibook/lib/python3.13/urllib/request.py:506[0m, in [0;36mOpenerDirector._open[0;34m(self, req, data)[0m
[1;32m    503[0m     [38;5;28;01mreturn[39;00m result
[1;32m    505[0m protocol [38;5;241m=[39m req[38;5;241m.[39mtype
[0;32m--> 506[0m result [38;5;241m=[39m [38;5;28;43mself[39;49m[38;5;241;43m.[39;49m[43m_call_chain[49m[43m([49m[38;5;28;43mself[39;49m[38;5;241;43m.[39;49m[43mhandle_open[49m[43m,[49m[43m [49m[43mprotocol[49m[43m,[49m[43m [49m[43mprotocol[49m[43m [49m[38;5;241;43m+[39;49m
[1;32m    507[0m [43m                          [49m[38;5;124;43m'[39;49m[38;5;124;43m_open[39;49m[38;5;124;43m'[39;49m[43m,[49m[43m [49m[43mreq[49m[43m)[49m
[1;32m    508[0m [38;5;28;01mif[39;00m result:
[1;32m    509[0m     [38;5;28;01mreturn[39;00m result

File [0;32m~/miniconda3/envs/ooibook/lib/python3.13/urllib/request.py:466[0m, in [0;36mOpenerDirector._call_chain[0;34m(self, chain, kind, meth_name, *args)[0m
[1;32m    464[0m [38;5;28;01mfor[39;00m handler [38;5;129;01min[39;00m handlers:
[1;32m    465[0m     func [38;5;241m=[39m [38;5;28mgetattr[39m(handler, meth_name)
[0;32m--> 466[0m     result [38;5;241m=[39m [43mfunc[49m[43m([49m[38;5;241;43m*[39;49m[43margs[49m[43m)[49m
[1;32m    467[0m     [38;5;28;01mif[39;00m result [38;5;129;01mis[39;00m [38;5;129;01mnot[39;00m [38;5;28;01mNone[39;00m:
[1;32m    468[0m         [38;5;28;01mreturn[39;00m result

File [0;32m~/miniconda3/envs/ooibook/lib/python3.13/urllib/request.py:1367[0m, in [0;36mHTTPSHandler.https_open[0;34m(self, req)[0m
[1;32m   1366[0m [38;5;28;01mdef[39;00m [38;5;21mhttps_open[39m([38;5;28mself[39m, req):
[0;32m-> 1367[0m     [38;5;28;01mreturn[39;00m [38;5;28;43mself[39;49m[38;5;241;43m.[39;49m[43mdo_open[49m[43m([49m[43mhttp[49m[38;5;241;43m.[39;49m[43mclient[49m[38;5;241;43m.[39;49m[43mHTTPSConnection[49m[43m,[49m[43m [49m[43mreq[49m[43m,[49m
[1;32m   1368[0m [43m                        [49m[43mcontext[49m[38;5;241;43m=[39;49m[38;5;28;43mself[39;49m[38;5;241;43m.[39;49m[43m_context[49m[43m)[49m

File [0;32m~/miniconda3/envs/ooibook/lib/python3.13/urllib/request.py:1323[0m, in [0;36mAbstractHTTPHandler.do_open[0;34m(self, http_class, req, **http_conn_args)[0m
[1;32m   1321[0m     [38;5;28;01mexcept[39;00m [38;5;167;01mOSError[39;00m [38;5;28;01mas[39;00m err: [38;5;66;03m# timeout error[39;00m
[1;32m   1322[0m         [38;5;28;01mraise[39;00m URLError(err)
[0;32m-> 1323[0m     r [38;5;241m=[39m [43mh[49m[38;5;241;43m.[39;49m[43mgetresponse[49m[43m([49m[43m)[49m
[1;32m   1324[0m [38;5;28;01mexcept[39;00m:
[1;32m   1325[0m     h[38;5;241m.[39mclose()

File [0;32m~/miniconda3/envs/ooibook/lib/python3.13/http/client.py:1428[0m, in [0;36mHTTPConnection.getresponse[0;34m(self)[0m
[1;32m   1426[0m [38;5;28;01mtry[39;00m:
[1;32m   1427[0m     [38;5;28;01mtry[39;00m:
[0;32m-> 1428[0m         [43mresponse[49m[38;5;241;43m.[39;49m[43mbegin[49m[43m([49m[43m)[49m
[1;32m   1429[0m     [38;5;28;01mexcept[39;00m [38;5;167;01mConnectionError[39;00m:
[1;32m   1430[0m         [38;5;28mself[39m[38;5;241m.[39mclose()

File [0;32m~/miniconda3/envs/ooibook/lib/python3.13/http/client.py:331[0m, in [0;36mHTTPResponse.begin[0;34m(self)[0m
[1;32m    329[0m [38;5;66;03m# read until we get a non-100 response[39;00m
[1;32m    330[0m [38;5;28;01mwhile[39;00m [38;5;28;01mTrue[39;00m:
[0;32m--> 331[0m     version, status, reason [38;5;241m=[39m [38;5;28;43mself[39;49m[38;5;241;43m.[39;49m[43m_read_status[49m[43m([49m[43m)[49m
[1;32m    332[0m     [38;5;28;01mif[39;00m status [38;5;241m!=[39m CONTINUE:
[1;32m    333[0m         [38;5;28;01mbreak[39;00m

File [0;32m~/miniconda3/envs/ooibook/lib/python3.13/http/client.py:292[0m, in [0;36mHTTPResponse._read_status[0;34m(self)[0m
[1;32m    291[0m [38;5;28;01mdef[39;00m [38;5;21m_read_status[39m([38;5;28mself[39m):
[0;32m--> 292[0m     line [38;5;241m=[39m [38;5;28mstr[39m([38;5;28;43mself[39;49m[38;5;241;43m.[39;49m[43mfp[49m[38;5;241;43m.[39;49m[43mreadline[49m[43m([49m[43m_MAXLINE[49m[43m [49m[38;5;241;43m+[39;49m[43m [49m[38;5;241;43m1[39;49m[43m)[49m, [38;5;124m"[39m[38;5;124miso-8859-1[39m[38;5;124m"[39m)
[1;32m    293[0m     [38;5;28;01mif[39;00m [38;5;28mlen[39m(line) [38;5;241m>[39m _MAXLINE:
[1;32m    294[0m         [38;5;28;01mraise[39;00m LineTooLong([38;5;124m"[39m[38;5;124mstatus line[39m[38;5;124m"[39m)

File [0;32m~/miniconda3/envs/ooibook/lib/python3.13/socket.py:719[0m, in [0;36mSocketIO.readinto[0;34m(self, b)[0m
[1;32m    717[0m     [38;5;28;01mraise[39;00m [38;5;167;01mOSError[39;00m([38;5;124m"[39m[38;5;124mcannot read from timed out object[39m[38;5;124m"[39m)
[1;32m    718[0m [38;5;28;01mtry[39;00m:
[0;32m--> 719[0m     [38;5;28;01mreturn[39;00m [38;5;28;43mself[39;49m[38;5;241;43m.[39;49m[43m_sock[49m[38;5;241;43m.[39;49m[43mrecv_into[49m[43m([49m[43mb[49m[43m)[49m
[1;32m    720[0m [38;5;28;01mexcept[39;00m timeout:
[1;32m    721[0m     [38;5;28mself[39m[38;5;241m.[39m_timeout_occurred [38;5;241m=[39m [38;5;28;01mTrue[39;00m

File [0;32m~/miniconda3/envs/ooibook/lib/python3.13/ssl.py:1304[0m, in [0;36mSSLSocket.recv_into[0;34m(self, buffer, nbytes, flags)[0m
[1;32m   1300[0m     [38;5;28;01mif[39;00m flags [38;5;241m!=[39m [38;5;241m0[39m:
[1;32m   1301[0m         [38;5;28;01mraise[39;00m [38;5;167;01mValueError[39;00m(
[1;32m   1302[0m           [38;5;124m"[39m[38;5;124mnon-zero flags not allowed in calls to recv_into() on [39m[38;5;132;01m%s[39;00m[38;5;124m"[39m [38;5;241m%[39m
[1;32m   1303[0m           [38;5;28mself[39m[38;5;241m.[39m[38;5;18m__class__[39m)
[0;32m-> 1304[0m     [38;5;28;01mreturn[39;00m [38;5;28;43mself[39;49m[38;5;241;43m.[39;49m[43mread[49m[43m([49m[43mnbytes[49m[43m,[49m[43m [49m[43mbuffer[49m[43m)[49m
[1;32m   1305[0m [38;5;28;01melse[39;00m:
[1;32m   1306[0m     [38;5;28;01mreturn[39;00m [38;5;28msuper[39m()[38;5;241m.[39mrecv_into(buffer, nbytes, flags)

File [0;32m~/miniconda3/envs/ooibook/lib/python3.13/ssl.py:1138[0m, in [0;36mSSLSocket.read[0;34m(self, len, buffer)[0m
[1;32m   1136[0m [38;5;28;01mtry[39;00m:
[1;32m   1137[0m     [38;5;28;01mif[39;00m buffer [38;5;129;01mis[39;00m [38;5;129;01mnot[39;00m [38;5;28;01mNone[39;00m:
[0;32m-> 1138[0m         [38;5;28;01mreturn[39;00m [38;5;28;43mself[39;49m[38;5;241;43m.[39;49m[43m_sslobj[49m[38;5;241;43m.[39;49m[43mread[49m[43m([49m[38;5;28;43mlen[39;49m[43m,[49m[43m [49m[43mbuffer[49m[43m)[49m
[1;32m   1139[0m     [38;5;28;01melse[39;00m:
[1;32m   1140[0m         [38;5;28;01mreturn[39;00m [38;5;28mself[39m[38;5;241m.[39m_sslobj[38;5;241m.[39mread([38;5;28mlen[39m)

[0;31mKeyboardInterrupt[0m: 

